<?xml version="1.0" encoding="UTF-8"?>
<testng-results ignored="0" total="1" passed="1" failed="0" skipped="0">
  <reporter-output>
  </reporter-output>
  <suite started-at="2023-09-08T15:15:32 IST" name="Default suite" finished-at="2023-09-08T15:15:41 IST" duration-ms="9124">
    <groups>
    </groups>
    <test started-at="2023-09-08T15:15:32 IST" name="Default test" finished-at="2023-09-08T15:15:41 IST" duration-ms="9124">
      <class name="testproject.NewTest1">
        <test-method signature="f()[pri:0, instance:testproject.NewTest1@42a48628]" started-at="2023-09-08T15:15:32 IST" name="f" finished-at="2023-09-08T15:15:41 IST" duration-ms="9090" status="PASS">
          <reporter-output>
          </reporter-output>
        </test-method> <!-- f -->
      </class> <!-- testproject.NewTest1 -->
    </test> <!-- Default test -->
  </suite> <!-- Default suite -->
</testng-results>
